<?xml version="1.0" encoding="UTF-8"?>
<testng-results ignored="0" total="2" passed="2" failed="0" skipped="0">
  <reporter-output>
  </reporter-output>
  <suite started-at="2026-04-26T14:16:55 IST" name="Surefire suite" finished-at="2026-04-26T14:16:58 IST" duration-ms="3588">
    <groups>
    </groups>
    <test started-at="2026-04-26T14:16:55 IST" name="Surefire test" finished-at="2026-04-26T14:16:58 IST" duration-ms="3588">
      <class name="com.api.tests.UserDetailsAPITest">
        <test-method signature="userDetailsAPITest()[pri:0, instance:com.api.tests.UserDetailsAPITest@2f112965]" started-at="2026-04-26T14:16:58 IST" name="userDetailsAPITest" finished-at="2026-04-26T14:16:58 IST" duration-ms="247" status="PASS">
          <reporter-output>
          </reporter-output>
        </test-method> <!-- userDetailsAPITest -->
      </class> <!-- com.api.tests.UserDetailsAPITest -->
      <class name="com.api.tests.LoginAPITest">
        <test-method signature="loginAPITest()[pri:0, instance:com.api.tests.LoginAPITest@4df50bcc]" started-at="2026-04-26T14:16:55 IST" name="loginAPITest" finished-at="2026-04-26T14:16:58 IST" duration-ms="3297" status="PASS">
          <reporter-output>
          </reporter-output>
        </test-method> <!-- loginAPITest -->
      </class> <!-- com.api.tests.LoginAPITest -->
    </test> <!-- Surefire test -->
  </suite> <!-- Surefire suite -->
</testng-results>
