<?xml version="1.0" encoding="UTF-8"?>
<testng-results ignored="0" total="1" passed="1" failed="0" skipped="0">
  <reporter-output>
  </reporter-output>
  <suite started-at="2026-04-23T21:43:15 IST" name="Default suite" finished-at="2026-04-23T21:43:17 IST" duration-ms="2661">
    <groups>
    </groups>
    <test started-at="2026-04-23T21:43:15 IST" name="Default test" finished-at="2026-04-23T21:43:17 IST" duration-ms="2661">
      <class name="com.api.tests.UserDetailsAPITest">
        <test-method signature="userDetailsAPITest()[pri:0, instance:com.api.tests.UserDetailsAPITest@368f2016]" started-at="2026-04-23T21:43:15 IST" name="userDetailsAPITest" finished-at="2026-04-23T21:43:17 IST" duration-ms="2594" status="PASS">
          <reporter-output>
          </reporter-output>
        </test-method> <!-- userDetailsAPITest -->
      </class> <!-- com.api.tests.UserDetailsAPITest -->
    </test> <!-- Default test -->
  </suite> <!-- Default suite -->
</testng-results>
